<?xml version="1.0" encoding="UTF-8"?>
<!-- Generated by org.testng.reporters.JUnitReportReporter -->
<testsuite hostname="pc" failures="0" tests="1" name="testBase.BaseClass" time="34.671" errors="0" timestamp="2022-07-06T20:14:08 IST" skipped="0">
  <testcase classname="testBase.BaseClass" name="setup" time="34.671"/>
  <system-out/>
</testsuite> <!-- testBase.BaseClass -->
