<?xml version="1.0" encoding="UTF-8"?>
<!-- Generated by org.testng.reporters.JUnitReportReporter -->
<testsuite hostname="pc" failures="0" tests="1" name="testCases.TC_001_AccountRegistration" time="40.895" errors="0" timestamp="2022-07-12T14:20:38 IST" skipped="0">
  <testcase classname="testCases.TC_001_AccountRegistration" name="test_account_Registration" time="40.895"/>
  <system-out/>
</testsuite> <!-- testCases.TC_001_AccountRegistration -->
