<?xml version="1.0" encoding="UTF-8"?>
<!-- Generated by org.testng.reporters.JUnitReportReporter -->
<testsuite hostname="pc" failures="0" tests="1" name="testCases.TC_002_Login" time="56.111" errors="0" timestamp="2022-07-12T14:16:02 IST" skipped="0">
  <testcase classname="testCases.TC_002_Login" name="test_Login" time="56.111"/>
  <system-out/>
</testsuite> <!-- testCases.TC_002_Login -->
